21:22:46 **** Incremental Build of configuration Debug for project 06_SENTENCIA_SWITCH ****
Info: Internal Builder is used for build
gcc -O0 -g3 -Wall -c -fmessage-length=0 -o "src\\06_SENTENCIA_SWITCH.o" "..\\src\\06_SENTENCIA_SWITCH.c" 
..\src\06_SENTENCIA_SWITCH.c: In function 'main':
..\src\06_SENTENCIA_SWITCH.c:33:10: warning: format '%u' expects argument of type 'unsigned int *', but argument 2 has type 'uint8_t * {aka unsigned char *}' [-Wformat=]
  scanf("%u",&selector);
          ^
..\src\06_SENTENCIA_SWITCH.c:38:13: warning: format '%u' expects argument of type 'unsigned int *', but argument 2 has type 'uint32_t {aka unsigned int}' [-Wformat=]
     scanf("%u",base);
             ^
..\src\06_SENTENCIA_SWITCH.c:40:13: warning: format '%u' expects argument of type 'unsigned int *', but argument 2 has type 'uint32_t {aka unsigned int}' [-Wformat=]
     scanf("%u",altura);
             ^
..\src\06_SENTENCIA_SWITCH.c:46:13: warning: format '%u' expects argument of type 'unsigned int *', but argument 2 has type 'uint32_t {aka unsigned int}' [-Wformat=]
     scanf("%u",base);
             ^
..\src\06_SENTENCIA_SWITCH.c:48:13: warning: format '%u' expects argument of type 'unsigned int *', but argument 2 has type 'uint32_t {aka unsigned int}' [-Wformat=]
     scanf("%u",base2);
             ^
..\src\06_SENTENCIA_SWITCH.c:50:13: warning: format '%u' expects argument of type 'unsigned int *', but argument 2 has type 'uint32_t {aka unsigned int}' [-Wformat=]
     scanf("%u",altura);
             ^
..\src\06_SENTENCIA_SWITCH.c:56:13: warning: format '%u' expects argument of type 'unsigned int *', but argument 2 has type 'uint32_t {aka unsigned int}' [-Wformat=]
     scanf("%u",base);
             ^
..\src\06_SENTENCIA_SWITCH.c:58:13: warning: format '%u' expects argument of type 'unsigned int *', but argument 2 has type 'uint32_t {aka unsigned int}' [-Wformat=]
     scanf("%u",altura);
             ^
..\src\06_SENTENCIA_SWITCH.c:38:5: warning: 'base' may be used uninitialized in this function [-Wmaybe-uninitialized]
     scanf("%u",base);
     ^~~~~~~~~~~~~~~~
..\src\06_SENTENCIA_SWITCH.c:40:5: warning: 'altura' may be used uninitialized in this function [-Wmaybe-uninitialized]
     scanf("%u",altura);
     ^~~~~~~~~~~~~~~~~~
..\src\06_SENTENCIA_SWITCH.c:48:5: warning: 'base2' may be used uninitialized in this function [-Wmaybe-uninitialized]
     scanf("%u",base2);
     ^~~~~~~~~~~~~~~~~
gcc -o 06_SENTENCIA_SWITCH.exe "src\\06_SENTENCIA_SWITCH.o" 
21:23:20 **** Incremental Build of configuration Debug for project 06_SENTENCIA_SWITCH ****
Info: Internal Builder is used for build
gcc -O0 -g3 -Wall -c -fmessage-length=0 -o "src\\06_SENTENCIA_SWITCH.o" "..\\src\\06_SENTENCIA_SWITCH.c" 
..\src\06_SENTENCIA_SWITCH.c: In function 'main':
..\src\06_SENTENCIA_SWITCH.c:34:10: warning: format '%u' expects argument of type 'unsigned int *', but argument 2 has type 'uint8_t * {aka unsigned char *}' [-Wformat=]
  scanf("%u",&selector);
          ^
..\src\06_SENTENCIA_SWITCH.c:39:13: warning: format '%u' expects argument of type 'unsigned int *', but argument 2 has type 'uint32_t {aka unsigned int}' [-Wformat=]
     scanf("%u",base);
             ^
..\src\06_SENTENCIA_SWITCH.c:41:13: warning: format '%u' expects argument of type 'unsigned int *', but argument 2 has type 'uint32_t {aka unsigned int}' [-Wformat=]
     scanf("%u",altura);
             ^
..\src\06_SENTENCIA_SWITCH.c:47:13: warning: format '%u' expects argument of type 'unsigned int *', but argument 2 has type 'uint32_t {aka unsigned int}' [-Wformat=]
     scanf("%u",base);
             ^
..\src\06_SENTENCIA_SWITCH.c:49:13: warning: format '%u' expects argument of type 'unsigned int *', but argument 2 has type 'uint32_t {aka unsigned int}' [-Wformat=]
     scanf("%u",base2);
             ^
..\src\06_SENTENCIA_SWITCH.c:51:13: warning: format '%u' expects argument of type 'unsigned int *', but argument 2 has type 'uint32_t {aka unsigned int}' [-Wformat=]
     scanf("%u",altura);
             ^
..\src\06_SENTENCIA_SWITCH.c:57:13: warning: format '%u' expects argument of type 'unsigned int *', but argument 2 has type 'uint32_t {aka unsigned int}' [-Wformat=]
     scanf("%u",base);
             ^
..\src\06_SENTENCIA_SWITCH.c:59:13: warning: format '%u' expects argument of type 'unsigned int *', but argument 2 has type 'uint32_t {aka unsigned int}' [-Wformat=]
     scanf("%u",altura);
             ^
gcc -o 06_SENTENCIA_SWITCH.exe "src\\06_SENTENCIA_SWITCH.o" 
21:24:34 **** Incremental Build of configuration Debug for project 06_SENTENCIA_SWITCH ****
Info: Internal Builder is used for build
gcc -O0 -g3 -Wall -c -fmessage-length=0 -o "src\\06_SENTENCIA_SWITCH.o" "..\\src\\06_SENTENCIA_SWITCH.c" 
..\src\06_SENTENCIA_SWITCH.c: In function 'main':
..\src\06_SENTENCIA_SWITCH.c:34:10: warning: format '%u' expects argument of type 'unsigned int *', but argument 2 has type 'uint8_t * {aka unsigned char *}' [-Wformat=]
  scanf("%u",&selector);
          ^
..\src\06_SENTENCIA_SWITCH.c:39:13: warning: format '%d' expects argument of type 'int *', but argument 2 has type 'uint32_t {aka unsigned int}' [-Wformat=]
     scanf("%d",base);
             ^
..\src\06_SENTENCIA_SWITCH.c:41:13: warning: format '%d' expects argument of type 'int *', but argument 2 has type 'uint32_t {aka unsigned int}' [-Wformat=]
     scanf("%d",altura);
             ^
..\src\06_SENTENCIA_SWITCH.c:47:13: warning: format '%d' expects argument of type 'int *', but argument 2 has type 'uint32_t {aka unsigned int}' [-Wformat=]
     scanf("%d",base);
             ^
..\src\06_SENTENCIA_SWITCH.c:49:13: warning: format '%d' expects argument of type 'int *', but argument 2 has type 'uint32_t {aka unsigned int}' [-Wformat=]
     scanf("%d",base2);
             ^
..\src\06_SENTENCIA_SWITCH.c:51:13: warning: format '%d' expects argument of type 'int *', but argument 2 has type 'uint32_t {aka unsigned int}' [-Wformat=]
     scanf("%d",altura);
             ^
..\src\06_SENTENCIA_SWITCH.c:57:13: warning: format '%d' expects argument of type 'int *', but argument 2 has type 'uint32_t {aka unsigned int}' [-Wformat=]
     scanf("%d",base);
             ^
..\src\06_SENTENCIA_SWITCH.c:59:13: warning: format '%d' expects argument of type 'int *', but argument 2 has type 'uint32_t {aka unsigned int}' [-Wformat=]
     scanf("%d",altura);
             ^
gcc -o 06_SENTENCIA_SWITCH.exe "src\\06_SENTENCIA_SWITCH.o" 
c:/mingw/bin/../lib/gcc/mingw32/6.3.0/../../../../mingw32/bin/ld.exe: cannot open output file 06_SENTENCIA_SWITCH.exe: Permission denied
collect2.exe: error: ld returned 1 exit status
21:24:53 **** Incremental Build of configuration Debug for project 06_SENTENCIA_SWITCH ****
Info: Internal Builder is used for build
gcc -o 06_SENTENCIA_SWITCH.exe "src\\06_SENTENCIA_SWITCH.o" 
21:26:47 **** Incremental Build of configuration Debug for project 06_SENTENCIA_SWITCH ****
Info: Internal Builder is used for build
gcc -O0 -g3 -Wall -c -fmessage-length=0 -o "src\\06_SENTENCIA_SWITCH.o" "..\\src\\06_SENTENCIA_SWITCH.c" 
..\src\06_SENTENCIA_SWITCH.c: In function 'main':
..\src\06_SENTENCIA_SWITCH.c:34:10: warning: format '%u' expects argument of type 'unsigned int *', but argument 2 has type 'uint8_t * {aka unsigned char *}' [-Wformat=]
  scanf("%u",&selector);
          ^
..\src\06_SENTENCIA_SWITCH.c:39:13: warning: format '%d' expects argument of type 'int *', but argument 2 has type 'uint32_t {aka unsigned int}' [-Wformat=]
     scanf("%d",base);
             ^
..\src\06_SENTENCIA_SWITCH.c:41:13: warning: format '%d' expects argument of type 'int *', but argument 2 has type 'uint32_t {aka unsigned int}' [-Wformat=]
     scanf("%d",altura);
             ^
..\src\06_SENTENCIA_SWITCH.c:47:13: warning: format '%d' expects argument of type 'int *', but argument 2 has type 'uint32_t {aka unsigned int}' [-Wformat=]
     scanf("%d",base);
             ^
..\src\06_SENTENCIA_SWITCH.c:49:13: warning: format '%d' expects argument of type 'int *', but argument 2 has type 'uint32_t {aka unsigned int}' [-Wformat=]
     scanf("%d",base2);
             ^
..\src\06_SENTENCIA_SWITCH.c:51:13: warning: format '%d' expects argument of type 'int *', but argument 2 has type 'uint32_t {aka unsigned int}' [-Wformat=]
     scanf("%d",altura);
             ^
..\src\06_SENTENCIA_SWITCH.c:57:13: warning: format '%d' expects argument of type 'int *', but argument 2 has type 'uint32_t {aka unsigned int}' [-Wformat=]
     scanf("%d",base);
             ^
..\src\06_SENTENCIA_SWITCH.c:59:13: warning: format '%d' expects argument of type 'int *', but argument 2 has type 'uint32_t {aka unsigned int}' [-Wformat=]
     scanf("%d",altura);
             ^
gcc -o 06_SENTENCIA_SWITCH.exe "src\\06_SENTENCIA_SWITCH.o" 
21:28:17 **** Incremental Build of configuration Debug for project 06_SENTENCIA_SWITCH ****
Info: Internal Builder is used for build
gcc -O0 -g3 -Wall -c -fmessage-length=0 -o "src\\06_SENTENCIA_SWITCH.o" "..\\src\\06_SENTENCIA_SWITCH.c" 
..\src\06_SENTENCIA_SWITCH.c: In function 'main':
..\src\06_SENTENCIA_SWITCH.c:34:10: warning: format '%u' expects argument of type 'unsigned int *', but argument 2 has type 'uint8_t * {aka unsigned char *}' [-Wformat=]
  scanf("%u",&selector);
          ^
gcc -o 06_SENTENCIA_SWITCH.exe "src\\06_SENTENCIA_SWITCH.o" 
21:28:45 **** Incremental Build of configuration Debug for project 06_SENTENCIA_SWITCH ****
Info: Internal Builder is used for build
gcc -O0 -g3 -Wall -c -fmessage-length=0 -o "src\\06_SENTENCIA_SWITCH.o" "..\\src\\06_SENTENCIA_SWITCH.c" 
..\src\06_SENTENCIA_SWITCH.c: In function 'main':
..\src\06_SENTENCIA_SWITCH.c:34:10: warning: format '%u' expects argument of type 'unsigned int *', but argument 2 has type 'uint8_t * {aka unsigned char *}' [-Wformat=]
  scanf("%u",&selector);
          ^
gcc -o 06_SENTENCIA_SWITCH.exe "src\\06_SENTENCIA_SWITCH.o" 
21:42:38 **** Rebuild of configuration Debug for project 07_BUCLE_DO_WHILE ****
Info: Internal Builder is used for build
gcc -O0 -g3 -Wall -c -fmessage-length=0 -o "src\\07_BUCLE_DO_WHILE.o" "..\\src\\07_BUCLE_DO_WHILE.c" 
..\src\07_BUCLE_DO_WHILE.c: In function 'main':
..\src\07_BUCLE_DO_WHILE.c:24:11: warning: format '%d' expects argument of type 'int *', but argument 2 has type 'int8_t * {aka signed char *}' [-Wformat=]
   scanf("%d",&numTerminos);
           ^
gcc -o 07_BUCLE_DO_WHILE.exe "src\\07_BUCLE_DO_WHILE.o" 
21:43:48 **** Incremental Build of configuration Debug for project 07_BUCLE_DO_WHILE ****
Info: Internal Builder is used for build
gcc -O0 -g3 -Wall -c -fmessage-length=0 -o "src\\07_BUCLE_DO_WHILE.o" "..\\src\\07_BUCLE_DO_WHILE.c" 
..\src\07_BUCLE_DO_WHILE.c: In function 'main':
..\src\07_BUCLE_DO_WHILE.c:24:11: warning: format '%d' expects argument of type 'int *', but argument 2 has type 'int8_t * {aka signed char *}' [-Wformat=]
   scanf("%d",&numTerminos);
           ^
gcc -o 07_BUCLE_DO_WHILE.exe "src\\07_BUCLE_DO_WHILE.o" 
21:45:12 **** Incremental Build of configuration Debug for project 07_BUCLE_DO_WHILE ****
Info: Internal Builder is used for build
gcc -O0 -g3 -Wall -c -fmessage-length=0 -o "src\\07_BUCLE_DO_WHILE.o" "..\\src\\07_BUCLE_DO_WHILE.c" 
..\src\07_BUCLE_DO_WHILE.c: In function 'main':
..\src\07_BUCLE_DO_WHILE.c:24:11: warning: format '%d' expects argument of type 'int *', but argument 2 has type 'int8_t * {aka signed char *}' [-Wformat=]
   scanf("%d",&numTerminos);
           ^
gcc -o 07_BUCLE_DO_WHILE.exe "src\\07_BUCLE_DO_WHILE.o" 
c:/mingw/bin/../lib/gcc/mingw32/6.3.0/../../../../mingw32/bin/ld.exe: cannot open output file 07_BUCLE_DO_WHILE.exe: Permission denied
collect2.exe: error: ld returned 1 exit status
21:45:16 **** Incremental Build of configuration Debug for project 07_BUCLE_DO_WHILE ****
Info: Internal Builder is used for build
gcc -o 07_BUCLE_DO_WHILE.exe "src\\07_BUCLE_DO_WHILE.o" 
21:49:31 **** Rebuild of configuration Debug for project 07_BUCLE_WHILE - DO_WHILE ****
Info: Internal Builder is used for build
gcc -O0 -g3 -Wall -c -fmessage-length=0 -o "src\\07_BUCLE_DO_WHILE.o" "..\\src\\07_BUCLE_DO_WHILE.c" 
..\src\07_BUCLE_DO_WHILE.c: In function 'main':
..\src\07_BUCLE_DO_WHILE.c:24:11: warning: format '%d' expects argument of type 'int *', but argument 2 has type 'int8_t * {aka signed char *}' [-Wformat=]
   scanf("%d",&numTerminos);
           ^
gcc -o "07_BUCLE_WHILE - DO_WHILE.exe" "src\\07_BUCLE_DO_WHILE.o" 
21:50:07 **** Incremental Build of configuration Debug for project 07_BUCLE_WHILE - DO_WHILE ****
Info: Internal Builder is used for build
gcc -O0 -g3 -Wall -c -fmessage-length=0 -o "src\\07_BUCLE_DO_WHILE.o" "..\\src\\07_BUCLE_DO_WHILE.c" 
..\src\07_BUCLE_DO_WHILE.c: In function 'main':
..\src\07_BUCLE_DO_WHILE.c:24:11: warning: format '%i' expects argument of type 'int *', but argument 2 has type 'int8_t * {aka signed char *}' [-Wformat=]
   scanf("%i",&numTerminos);
           ^
gcc -o "07_BUCLE_WHILE - DO_WHILE.exe" "src\\07_BUCLE_DO_WHILE.o" 
21:50:22 **** Incremental Build of configuration Debug for project 07_BUCLE_WHILE - DO_WHILE ****
Info: Internal Builder is used for build
gcc -O0 -g3 -Wall -c -fmessage-length=0 -o "src\\07_BUCLE_DO_WHILE.o" "..\\src\\07_BUCLE_DO_WHILE.c" 
..\src\07_BUCLE_DO_WHILE.c: In function 'main':
..\src\07_BUCLE_DO_WHILE.c:24:9: warning: missing terminating " character
   scanf("%d,&numTerminos);
         ^
..\src\07_BUCLE_DO_WHILE.c:24:9: error: missing terminating " character
   scanf("%d,&numTerminos);
         ^~~~~~~~~~~~~~~~~~
..\src\07_BUCLE_DO_WHILE.c:25:2: error: expected expression before '}' token
  }while(numTerminos<=0);
  ^
..\src\07_BUCLE_DO_WHILE.c:25:2: error: expected ';' before '}' token
21:50:44 **** Incremental Build of configuration Debug for project 07_BUCLE_WHILE - DO_WHILE ****
Info: Internal Builder is used for build
gcc -O0 -g3 -Wall -c -fmessage-length=0 -o "src\\07_BUCLE_DO_WHILE.o" "..\\src\\07_BUCLE_DO_WHILE.c" 
..\src\07_BUCLE_DO_WHILE.c: In function 'main':
..\src\07_BUCLE_DO_WHILE.c:24:11: warning: format '%d' expects argument of type 'int *', but argument 2 has type 'int8_t * {aka signed char *}' [-Wformat=]
   scanf("%d",&numTerminos);
           ^
gcc -o "07_BUCLE_WHILE - DO_WHILE.exe" "src\\07_BUCLE_DO_WHILE.o" 
21:51:06 **** Incremental Build of configuration Debug for project 07_BUCLE_WHILE - DO_WHILE ****
Info: Internal Builder is used for build
gcc -O0 -g3 -Wall -c -fmessage-length=0 -o "src\\07_BUCLE_DO_WHILE.o" "..\\src\\07_BUCLE_DO_WHILE.c" 
gcc -o "07_BUCLE_WHILE - DO_WHILE.exe" "src\\07_BUCLE_DO_WHILE.o" 
21:59:17 **** Rebuild of configuration Debug for project 08_BUCLE_FOR ****
Info: Internal Builder is used for build
gcc -O0 -g3 -Wall -c -fmessage-length=0 -o "src\\08_BUCLE_FOR.o" "..\\src\\08_BUCLE_FOR.c" 
gcc -o 08_BUCLE_FOR.exe "src\\08_BUCLE_FOR.o" 
